<?xml version="1.0" encoding="UTF-8"?>
<!-- Generated by org.testng.reporters.JUnitReportReporter -->
<testsuite skipped="0" hostname="Mds-MacBook-Pro" name="com.usa.basepage.BaseClass" tests="1" failures="0" timestamp="11 Apr 2020 02:11:54 GMT" time="6.663" errors="0">
  <testcase name="setUp" time="6.663" classname="com.usa.basepage.BaseClass"/>
</testsuite> <!-- com.usa.basepage.BaseClass -->
